◇ injected env (6) from .env // tip: ⌘ override existing { override: true }
◇ injected env (0) from .env // tip: ⌘ enable debugging { debug: true }
Server is running on port 5000
Connected to MongoDB at mongodb+srv://anupratiteam_db_user:ywtKvZWYHN9xvAmJ@crm.sk6rwvh.mongodb.net/ai_video_crm?retryWrites=true&w=majority&appName=Crm
12:31:19 pm - POST /api/orders/create-payment-order
12:31:29 pm - POST /api/orders/create-payment-order
12:31:30 pm - POST /api/payment/create-hash
--- Generating Hash ---
Target Order ID (from UI): AV-1035
Amount: 1
Create Hash Payload: {
  amount: '1',
  productinfo: 'Test Plan',
  firstname: 'Customer',
  email: 'customer@manas.com',
  phone: '9999999999',
  orderId: 'AV-1035'
}
Order found and updated with TXN ID: TXN1776582090224
12:31:43 pm - POST /api/payment/success
--- PayU Success Callback DEBUG ---
Method: POST
Status from PayU: success
TXN ID: TXN1776582090224
Amount: 1.00
Received Hash: 3d409b52732e4906e5f68b742b08f75264edd8c22a62a13a61456e50a4018c91855b267856164e48dbdc7a37386a067fbcaf516f03d891e4b2b8d0f0d7ba0776
Order ID (udf1): AV-1035
Success Callback Payload: {
  country: '',
  udf10: '',
  mode: 'UPI',
  error_Message: 'No Error',
  state: '',
  bankcode: '',
  txnid: 'TXN1776582090224',
  net_amount_debit: '1.00',
  lastname: '',
  zipcode: '',
  phone: '9999999999',
  productinfo: 'Test Plan',
  hash: '[present:128]',
  status: 'success',
  firstname: 'Customer',
  city: '',
  isConsentPayment: '',
  error: 'E000',
  addedon: '2026-04-19 12:31:33',
  udf9: '',
  udf7: '',
  udf8: '',
  encryptedPaymentId: '28241645959',
  bank_ref_num: '059229056692',
  key: 'dJxloE',
  email: 'customer@manas.com',
  amount: '1.00',
  unmappedstatus: 'captured',
  address2: '',
  payuMoneyId: '28241645959',
  address1: '',
  udf5: '',
  mihpayid: '28241645959',
  udf6: '',
  udf3: '',
  udf4: '',
  udf1: 'AV-1035',
  udf2: '',
  giftCardIssued: '',
  field1: '',
  cardnum: '',
  field7: '0|SUCCESS',
  field6: '',
  field9: '0|SUCCESS|Completed Using Callback',
  field8: 'QR',
  amount_split: '{"PAYU":"1.00"}',
  field3: 'suthar.manas1@ybl',
  field2: 'PH604191271175174',
  field5: '',
  PG_TYPE: 'UPI-PG',
  field4: '',
  name_on_card: ''
}
Reverse Hash String: EI7484STsaxv2MDudLOICX8ZmhF6ISKu|success||||||||||AV-1035|customer@manas.com|Customer|Test Plan|1.00|TXN1776582090224|dJxloE
Calculated Hash: 3d409b52732e4906e5f68b742b08f75264edd8c22a62a13a61456e50a4018c91855b267856164e48dbdc7a37386a067fbcaf516f03d891e4b2b8d0f0d7ba0776
Hash Validation Result: SUCCESS
Database updated successfully for Order: AV-1035
12:31:44 pm - GET /api/orders/track/AV-1035
12:32:20 pm - POST /api/orders/complete/AV-1035
12:32:20 pm - GET /api/orders/track/AV-1035
12:36:11 pm - GET /api/orders/track/AV-1035
12:36:12 pm - GET /api/orders/track/AV-1035
12:36:12 pm - GET /api/orders/track/AV-1035
12:36:12 pm - GET /api/orders/track/AV-1035
12:40:06 pm - GET /api/orders/track/AV-1035
12:42:46 pm - GET /api/orders/track/AV-1035
